Start testing: Aug 14 18:58 CST
----------------------------------------------------------
1/28 Testing: LexerTest.TokenizesTensorDeclaration
1/28 Test: LexerTest.TokenizesTensorDeclaration
Command: "/home/opriego/LinuxDev/ocelotl-tensor/build/ocelotl_tests" "--gtest_filter=LexerTest.TokenizesTensorDeclaration" "--gtest_also_run_disabled_tests"
Directory: /home/opriego/LinuxDev/ocelotl-tensor/build
"LexerTest.TokenizesTensorDeclaration" start time: Aug 14 18:58 CST
Output:
----------------------------------------------------------
Running main() from ./googletest/src/gtest_main.cc
Note: Google Test filter = LexerTest.TokenizesTensorDeclaration
[==========] Running 1 test from 1 test suite.
[----------] Global test environment set-up.
[----------] 1 test from LexerTest
[ RUN      ] LexerTest.TokenizesTensorDeclaration
[       OK ] LexerTest.TokenizesTensorDeclaration (0 ms)
[----------] 1 test from LexerTest (0 ms total)

[----------] Global test environment tear-down
[==========] 1 test from 1 test suite ran. (0 ms total)
[  PASSED  ] 1 test.
<end of output>
Test time =   0.00 sec
----------------------------------------------------------
Test Passed.
"LexerTest.TokenizesTensorDeclaration" end time: Aug 14 18:58 CST
"LexerTest.TokenizesTensorDeclaration" time elapsed: 00:00:00
----------------------------------------------------------

2/28 Testing: LexerTest.TokenizesIdentifiersAndKeywords
2/28 Test: LexerTest.TokenizesIdentifiersAndKeywords
Command: "/home/opriego/LinuxDev/ocelotl-tensor/build/ocelotl_tests" "--gtest_filter=LexerTest.TokenizesIdentifiersAndKeywords" "--gtest_also_run_disabled_tests"
Directory: /home/opriego/LinuxDev/ocelotl-tensor/build
"LexerTest.TokenizesIdentifiersAndKeywords" start time: Aug 14 18:58 CST
Output:
----------------------------------------------------------
Running main() from ./googletest/src/gtest_main.cc
Note: Google Test filter = LexerTest.TokenizesIdentifiersAndKeywords
[==========] Running 1 test from 1 test suite.
[----------] Global test environment set-up.
[----------] 1 test from LexerTest
[ RUN      ] LexerTest.TokenizesIdentifiersAndKeywords
[       OK ] LexerTest.TokenizesIdentifiersAndKeywords (0 ms)
[----------] 1 test from LexerTest (0 ms total)

[----------] Global test environment tear-down
[==========] 1 test from 1 test suite ran. (0 ms total)
[  PASSED  ] 1 test.
<end of output>
Test time =   0.00 sec
----------------------------------------------------------
Test Passed.
"LexerTest.TokenizesIdentifiersAndKeywords" end time: Aug 14 18:58 CST
"LexerTest.TokenizesIdentifiersAndKeywords" time elapsed: 00:00:00
----------------------------------------------------------

3/28 Testing: LexerTest.TokenizesIntegerAndFloatLiterals
3/28 Test: LexerTest.TokenizesIntegerAndFloatLiterals
Command: "/home/opriego/LinuxDev/ocelotl-tensor/build/ocelotl_tests" "--gtest_filter=LexerTest.TokenizesIntegerAndFloatLiterals" "--gtest_also_run_disabled_tests"
Directory: /home/opriego/LinuxDev/ocelotl-tensor/build
"LexerTest.TokenizesIntegerAndFloatLiterals" start time: Aug 14 18:58 CST
Output:
----------------------------------------------------------
Running main() from ./googletest/src/gtest_main.cc
Note: Google Test filter = LexerTest.TokenizesIntegerAndFloatLiterals
[==========] Running 1 test from 1 test suite.
[----------] Global test environment set-up.
[----------] 1 test from LexerTest
[ RUN      ] LexerTest.TokenizesIntegerAndFloatLiterals
[       OK ] LexerTest.TokenizesIntegerAndFloatLiterals (0 ms)
[----------] 1 test from LexerTest (0 ms total)

[----------] Global test environment tear-down
[==========] 1 test from 1 test suite ran. (0 ms total)
[  PASSED  ] 1 test.
<end of output>
Test time =   0.00 sec
----------------------------------------------------------
Test Passed.
"LexerTest.TokenizesIntegerAndFloatLiterals" end time: Aug 14 18:58 CST
"LexerTest.TokenizesIntegerAndFloatLiterals" time elapsed: 00:00:00
----------------------------------------------------------

4/28 Testing: LexerTest.TokenizesPunctuation
4/28 Test: LexerTest.TokenizesPunctuation
Command: "/home/opriego/LinuxDev/ocelotl-tensor/build/ocelotl_tests" "--gtest_filter=LexerTest.TokenizesPunctuation" "--gtest_also_run_disabled_tests"
Directory: /home/opriego/LinuxDev/ocelotl-tensor/build
"LexerTest.TokenizesPunctuation" start time: Aug 14 18:58 CST
Output:
----------------------------------------------------------
Running main() from ./googletest/src/gtest_main.cc
Note: Google Test filter = LexerTest.TokenizesPunctuation
[==========] Running 1 test from 1 test suite.
[----------] Global test environment set-up.
[----------] 1 test from LexerTest
[ RUN      ] LexerTest.TokenizesPunctuation
[       OK ] LexerTest.TokenizesPunctuation (0 ms)
[----------] 1 test from LexerTest (0 ms total)

[----------] Global test environment tear-down
[==========] 1 test from 1 test suite ran. (0 ms total)
[  PASSED  ] 1 test.
<end of output>
Test time =   0.00 sec
----------------------------------------------------------
Test Passed.
"LexerTest.TokenizesPunctuation" end time: Aug 14 18:58 CST
"LexerTest.TokenizesPunctuation" time elapsed: 00:00:00
----------------------------------------------------------

5/28 Testing: LexerTest.ProducesUnknownTokenForInvalidCharacter
5/28 Test: LexerTest.ProducesUnknownTokenForInvalidCharacter
Command: "/home/opriego/LinuxDev/ocelotl-tensor/build/ocelotl_tests" "--gtest_filter=LexerTest.ProducesUnknownTokenForInvalidCharacter" "--gtest_also_run_disabled_tests"
Directory: /home/opriego/LinuxDev/ocelotl-tensor/build
"LexerTest.ProducesUnknownTokenForInvalidCharacter" start time: Aug 14 18:58 CST
Output:
----------------------------------------------------------
Running main() from ./googletest/src/gtest_main.cc
Note: Google Test filter = LexerTest.ProducesUnknownTokenForInvalidCharacter
[==========] Running 1 test from 1 test suite.
[----------] Global test environment set-up.
[----------] 1 test from LexerTest
[ RUN      ] LexerTest.ProducesUnknownTokenForInvalidCharacter
[       OK ] LexerTest.ProducesUnknownTokenForInvalidCharacter (0 ms)
[----------] 1 test from LexerTest (0 ms total)

[----------] Global test environment tear-down
[==========] 1 test from 1 test suite ran. (0 ms total)
[  PASSED  ] 1 test.
<end of output>
Test time =   0.00 sec
----------------------------------------------------------
Test Passed.
"LexerTest.ProducesUnknownTokenForInvalidCharacter" end time: Aug 14 18:58 CST
"LexerTest.ProducesUnknownTokenForInvalidCharacter" time elapsed: 00:00:00
----------------------------------------------------------

6/28 Testing: LexerTest.TracksSourceLocationsAcrossLines
6/28 Test: LexerTest.TracksSourceLocationsAcrossLines
Command: "/home/opriego/LinuxDev/ocelotl-tensor/build/ocelotl_tests" "--gtest_filter=LexerTest.TracksSourceLocationsAcrossLines" "--gtest_also_run_disabled_tests"
Directory: /home/opriego/LinuxDev/ocelotl-tensor/build
"LexerTest.TracksSourceLocationsAcrossLines" start time: Aug 14 18:58 CST
Output:
----------------------------------------------------------
Running main() from ./googletest/src/gtest_main.cc
Note: Google Test filter = LexerTest.TracksSourceLocationsAcrossLines
[==========] Running 1 test from 1 test suite.
[----------] Global test environment set-up.
[----------] 1 test from LexerTest
[ RUN      ] LexerTest.TracksSourceLocationsAcrossLines
[       OK ] LexerTest.TracksSourceLocationsAcrossLines (0 ms)
[----------] 1 test from LexerTest (0 ms total)

[----------] Global test environment tear-down
[==========] 1 test from 1 test suite ran. (0 ms total)
[  PASSED  ] 1 test.
<end of output>
Test time =   0.00 sec
----------------------------------------------------------
Test Passed.
"LexerTest.TracksSourceLocationsAcrossLines" end time: Aug 14 18:58 CST
"LexerTest.TracksSourceLocationsAcrossLines" time elapsed: 00:00:00
----------------------------------------------------------

7/28 Testing: LexerTest.TokenizesIdentifiersWithUnderscoresAndDigits
7/28 Test: LexerTest.TokenizesIdentifiersWithUnderscoresAndDigits
Command: "/home/opriego/LinuxDev/ocelotl-tensor/build/ocelotl_tests" "--gtest_filter=LexerTest.TokenizesIdentifiersWithUnderscoresAndDigits" "--gtest_also_run_disabled_tests"
Directory: /home/opriego/LinuxDev/ocelotl-tensor/build
"LexerTest.TokenizesIdentifiersWithUnderscoresAndDigits" start time: Aug 14 18:58 CST
Output:
----------------------------------------------------------
Running main() from ./googletest/src/gtest_main.cc
Note: Google Test filter = LexerTest.TokenizesIdentifiersWithUnderscoresAndDigits
[==========] Running 1 test from 1 test suite.
[----------] Global test environment set-up.
[----------] 1 test from LexerTest
[ RUN      ] LexerTest.TokenizesIdentifiersWithUnderscoresAndDigits
[       OK ] LexerTest.TokenizesIdentifiersWithUnderscoresAndDigits (0 ms)
[----------] 1 test from LexerTest (0 ms total)

[----------] Global test environment tear-down
[==========] 1 test from 1 test suite ran. (0 ms total)
[  PASSED  ] 1 test.
<end of output>
Test time =   0.00 sec
----------------------------------------------------------
Test Passed.
"LexerTest.TokenizesIdentifiersWithUnderscoresAndDigits" end time: Aug 14 18:58 CST
"LexerTest.TokenizesIdentifiersWithUnderscoresAndDigits" time elapsed: 00:00:00
----------------------------------------------------------

8/28 Testing: LexerTest.TreatsTrailingDotAfterIntegerAsSeparateUnknownToken
8/28 Test: LexerTest.TreatsTrailingDotAfterIntegerAsSeparateUnknownToken
Command: "/home/opriego/LinuxDev/ocelotl-tensor/build/ocelotl_tests" "--gtest_filter=LexerTest.TreatsTrailingDotAfterIntegerAsSeparateUnknownToken" "--gtest_also_run_disabled_tests"
Directory: /home/opriego/LinuxDev/ocelotl-tensor/build
"LexerTest.TreatsTrailingDotAfterIntegerAsSeparateUnknownToken" start time: Aug 14 18:58 CST
Output:
----------------------------------------------------------
Running main() from ./googletest/src/gtest_main.cc
Note: Google Test filter = LexerTest.TreatsTrailingDotAfterIntegerAsSeparateUnknownToken
[==========] Running 1 test from 1 test suite.
[----------] Global test environment set-up.
[----------] 1 test from LexerTest
[ RUN      ] LexerTest.TreatsTrailingDotAfterIntegerAsSeparateUnknownToken
[       OK ] LexerTest.TreatsTrailingDotAfterIntegerAsSeparateUnknownToken (0 ms)
[----------] 1 test from LexerTest (0 ms total)

[----------] Global test environment tear-down
[==========] 1 test from 1 test suite ran. (0 ms total)
[  PASSED  ] 1 test.
<end of output>
Test time =   0.00 sec
----------------------------------------------------------
Test Passed.
"LexerTest.TreatsTrailingDotAfterIntegerAsSeparateUnknownToken" end time: Aug 14 18:58 CST
"LexerTest.TreatsTrailingDotAfterIntegerAsSeparateUnknownToken" time elapsed: 00:00:00
----------------------------------------------------------

9/28 Testing: LexerTest.TokenizesMultipleDotsWithoutSilentlyAcceptingInvalidFloat
9/28 Test: LexerTest.TokenizesMultipleDotsWithoutSilentlyAcceptingInvalidFloat
Command: "/home/opriego/LinuxDev/ocelotl-tensor/build/ocelotl_tests" "--gtest_filter=LexerTest.TokenizesMultipleDotsWithoutSilentlyAcceptingInvalidFloat" "--gtest_also_run_disabled_tests"
Directory: /home/opriego/LinuxDev/ocelotl-tensor/build
"LexerTest.TokenizesMultipleDotsWithoutSilentlyAcceptingInvalidFloat" start time: Aug 14 18:58 CST
Output:
----------------------------------------------------------
Running main() from ./googletest/src/gtest_main.cc
Note: Google Test filter = LexerTest.TokenizesMultipleDotsWithoutSilentlyAcceptingInvalidFloat
[==========] Running 1 test from 1 test suite.
[----------] Global test environment set-up.
[----------] 1 test from LexerTest
[ RUN      ] LexerTest.TokenizesMultipleDotsWithoutSilentlyAcceptingInvalidFloat
[       OK ] LexerTest.TokenizesMultipleDotsWithoutSilentlyAcceptingInvalidFloat (0 ms)
[----------] 1 test from LexerTest (0 ms total)

[----------] Global test environment tear-down
[==========] 1 test from 1 test suite ran. (0 ms total)
[  PASSED  ] 1 test.
<end of output>
Test time =   0.00 sec
----------------------------------------------------------
Test Passed.
"LexerTest.TokenizesMultipleDotsWithoutSilentlyAcceptingInvalidFloat" end time: Aug 14 18:58 CST
"LexerTest.TokenizesMultipleDotsWithoutSilentlyAcceptingInvalidFloat" time elapsed: 00:00:00
----------------------------------------------------------

10/28 Testing: LexerTest.SkipsWhitespace
10/28 Test: LexerTest.SkipsWhitespace
Command: "/home/opriego/LinuxDev/ocelotl-tensor/build/ocelotl_tests" "--gtest_filter=LexerTest.SkipsWhitespace" "--gtest_also_run_disabled_tests"
Directory: /home/opriego/LinuxDev/ocelotl-tensor/build
"LexerTest.SkipsWhitespace" start time: Aug 14 18:58 CST
Output:
----------------------------------------------------------
Running main() from ./googletest/src/gtest_main.cc
Note: Google Test filter = LexerTest.SkipsWhitespace
[==========] Running 1 test from 1 test suite.
[----------] Global test environment set-up.
[----------] 1 test from LexerTest
[ RUN      ] LexerTest.SkipsWhitespace
[       OK ] LexerTest.SkipsWhitespace (0 ms)
[----------] 1 test from LexerTest (0 ms total)

[----------] Global test environment tear-down
[==========] 1 test from 1 test suite ran. (0 ms total)
[  PASSED  ] 1 test.
<end of output>
Test time =   0.00 sec
----------------------------------------------------------
Test Passed.
"LexerTest.SkipsWhitespace" end time: Aug 14 18:58 CST
"LexerTest.SkipsWhitespace" time elapsed: 00:00:00
----------------------------------------------------------

11/28 Testing: LexerTest.ProducesEofForEmptyInput
11/28 Test: LexerTest.ProducesEofForEmptyInput
Command: "/home/opriego/LinuxDev/ocelotl-tensor/build/ocelotl_tests" "--gtest_filter=LexerTest.ProducesEofForEmptyInput" "--gtest_also_run_disabled_tests"
Directory: /home/opriego/LinuxDev/ocelotl-tensor/build
"LexerTest.ProducesEofForEmptyInput" start time: Aug 14 18:58 CST
Output:
----------------------------------------------------------
Running main() from ./googletest/src/gtest_main.cc
Note: Google Test filter = LexerTest.ProducesEofForEmptyInput
[==========] Running 1 test from 1 test suite.
[----------] Global test environment set-up.
[----------] 1 test from LexerTest
[ RUN      ] LexerTest.ProducesEofForEmptyInput
[       OK ] LexerTest.ProducesEofForEmptyInput (0 ms)
[----------] 1 test from LexerTest (0 ms total)

[----------] Global test environment tear-down
[==========] 1 test from 1 test suite ran. (0 ms total)
[  PASSED  ] 1 test.
<end of output>
Test time =   0.00 sec
----------------------------------------------------------
Test Passed.
"LexerTest.ProducesEofForEmptyInput" end time: Aug 14 18:58 CST
"LexerTest.ProducesEofForEmptyInput" time elapsed: 00:00:00
----------------------------------------------------------

12/28 Testing: LexerTest.RepeatedEofIsStable
12/28 Test: LexerTest.RepeatedEofIsStable
Command: "/home/opriego/LinuxDev/ocelotl-tensor/build/ocelotl_tests" "--gtest_filter=LexerTest.RepeatedEofIsStable" "--gtest_also_run_disabled_tests"
Directory: /home/opriego/LinuxDev/ocelotl-tensor/build
"LexerTest.RepeatedEofIsStable" start time: Aug 14 18:58 CST
Output:
----------------------------------------------------------
Running main() from ./googletest/src/gtest_main.cc
Note: Google Test filter = LexerTest.RepeatedEofIsStable
[==========] Running 1 test from 1 test suite.
[----------] Global test environment set-up.
[----------] 1 test from LexerTest
[ RUN      ] LexerTest.RepeatedEofIsStable
[       OK ] LexerTest.RepeatedEofIsStable (0 ms)
[----------] 1 test from LexerTest (0 ms total)

[----------] Global test environment tear-down
[==========] 1 test from 1 test suite ran. (0 ms total)
[  PASSED  ] 1 test.
<end of output>
Test time =   0.00 sec
----------------------------------------------------------
Test Passed.
"LexerTest.RepeatedEofIsStable" end time: Aug 14 18:58 CST
"LexerTest.RepeatedEofIsStable" time elapsed: 00:00:00
----------------------------------------------------------

13/28 Testing: LexerTest.DoesNotMatchKeywordPrefixes
13/28 Test: LexerTest.DoesNotMatchKeywordPrefixes
Command: "/home/opriego/LinuxDev/ocelotl-tensor/build/ocelotl_tests" "--gtest_filter=LexerTest.DoesNotMatchKeywordPrefixes" "--gtest_also_run_disabled_tests"
Directory: /home/opriego/LinuxDev/ocelotl-tensor/build
"LexerTest.DoesNotMatchKeywordPrefixes" start time: Aug 14 18:58 CST
Output:
----------------------------------------------------------
Running main() from ./googletest/src/gtest_main.cc
Note: Google Test filter = LexerTest.DoesNotMatchKeywordPrefixes
[==========] Running 1 test from 1 test suite.
[----------] Global test environment set-up.
[----------] 1 test from LexerTest
[ RUN      ] LexerTest.DoesNotMatchKeywordPrefixes
[       OK ] LexerTest.DoesNotMatchKeywordPrefixes (0 ms)
[----------] 1 test from LexerTest (0 ms total)

[----------] Global test environment tear-down
[==========] 1 test from 1 test suite ran. (0 ms total)
[  PASSED  ] 1 test.
<end of output>
Test time =   0.00 sec
----------------------------------------------------------
Test Passed.
"LexerTest.DoesNotMatchKeywordPrefixes" end time: Aug 14 18:58 CST
"LexerTest.DoesNotMatchKeywordPrefixes" time elapsed: 00:00:00
----------------------------------------------------------

14/28 Testing: LexerTest.TracksByteOffsets
14/28 Test: LexerTest.TracksByteOffsets
Command: "/home/opriego/LinuxDev/ocelotl-tensor/build/ocelotl_tests" "--gtest_filter=LexerTest.TracksByteOffsets" "--gtest_also_run_disabled_tests"
Directory: /home/opriego/LinuxDev/ocelotl-tensor/build
"LexerTest.TracksByteOffsets" start time: Aug 14 18:58 CST
Output:
----------------------------------------------------------
Running main() from ./googletest/src/gtest_main.cc
Note: Google Test filter = LexerTest.TracksByteOffsets
[==========] Running 1 test from 1 test suite.
[----------] Global test environment set-up.
[----------] 1 test from LexerTest
[ RUN      ] LexerTest.TracksByteOffsets
[       OK ] LexerTest.TracksByteOffsets (0 ms)
[----------] 1 test from LexerTest (0 ms total)

[----------] Global test environment tear-down
[==========] 1 test from 1 test suite ran. (0 ms total)
[  PASSED  ] 1 test.
<end of output>
Test time =   0.00 sec
----------------------------------------------------------
Test Passed.
"LexerTest.TracksByteOffsets" end time: Aug 14 18:58 CST
"LexerTest.TracksByteOffsets" time elapsed: 00:00:00
----------------------------------------------------------

15/28 Testing: ParserTest.ParsesTensorDeclaration
15/28 Test: ParserTest.ParsesTensorDeclaration
Command: "/home/opriego/LinuxDev/ocelotl-tensor/build/ocelotl_tests" "--gtest_filter=ParserTest.ParsesTensorDeclaration" "--gtest_also_run_disabled_tests"
Directory: /home/opriego/LinuxDev/ocelotl-tensor/build
"ParserTest.ParsesTensorDeclaration" start time: Aug 14 18:58 CST
Output:
----------------------------------------------------------
Running main() from ./googletest/src/gtest_main.cc
Note: Google Test filter = ParserTest.ParsesTensorDeclaration
[==========] Running 1 test from 1 test suite.
[----------] Global test environment set-up.
[----------] 1 test from ParserTest
[ RUN      ] ParserTest.ParsesTensorDeclaration
[       OK ] ParserTest.ParsesTensorDeclaration (0 ms)
[----------] 1 test from ParserTest (0 ms total)

[----------] Global test environment tear-down
[==========] 1 test from 1 test suite ran. (0 ms total)
[  PASSED  ] 1 test.
<end of output>
Test time =   0.00 sec
----------------------------------------------------------
Test Passed.
"ParserTest.ParsesTensorDeclaration" end time: Aug 14 18:58 CST
"ParserTest.ParsesTensorDeclaration" time elapsed: 00:00:00
----------------------------------------------------------

16/28 Testing: ParserTest.ParsesAssignment
16/28 Test: ParserTest.ParsesAssignment
Command: "/home/opriego/LinuxDev/ocelotl-tensor/build/ocelotl_tests" "--gtest_filter=ParserTest.ParsesAssignment" "--gtest_also_run_disabled_tests"
Directory: /home/opriego/LinuxDev/ocelotl-tensor/build
"ParserTest.ParsesAssignment" start time: Aug 14 18:58 CST
Output:
----------------------------------------------------------
Running main() from ./googletest/src/gtest_main.cc
Note: Google Test filter = ParserTest.ParsesAssignment
[==========] Running 1 test from 1 test suite.
[----------] Global test environment set-up.
[----------] 1 test from ParserTest
[ RUN      ] ParserTest.ParsesAssignment
[       OK ] ParserTest.ParsesAssignment (0 ms)
[----------] 1 test from ParserTest (0 ms total)

[----------] Global test environment tear-down
[==========] 1 test from 1 test suite ran. (0 ms total)
[  PASSED  ] 1 test.
<end of output>
Test time =   0.00 sec
----------------------------------------------------------
Test Passed.
"ParserTest.ParsesAssignment" end time: Aug 14 18:58 CST
"ParserTest.ParsesAssignment" time elapsed: 00:00:00
----------------------------------------------------------

17/28 Testing: ParserTest.ParsesCallExpression
17/28 Test: ParserTest.ParsesCallExpression
Command: "/home/opriego/LinuxDev/ocelotl-tensor/build/ocelotl_tests" "--gtest_filter=ParserTest.ParsesCallExpression" "--gtest_also_run_disabled_tests"
Directory: /home/opriego/LinuxDev/ocelotl-tensor/build
"ParserTest.ParsesCallExpression" start time: Aug 14 18:58 CST
Output:
----------------------------------------------------------
Running main() from ./googletest/src/gtest_main.cc
Note: Google Test filter = ParserTest.ParsesCallExpression
[==========] Running 1 test from 1 test suite.
[----------] Global test environment set-up.
[----------] 1 test from ParserTest
[ RUN      ] ParserTest.ParsesCallExpression
[       OK ] ParserTest.ParsesCallExpression (0 ms)
[----------] 1 test from ParserTest (0 ms total)

[----------] Global test environment tear-down
[==========] 1 test from 1 test suite ran. (0 ms total)
[  PASSED  ] 1 test.
<end of output>
Test time =   0.00 sec
----------------------------------------------------------
Test Passed.
"ParserTest.ParsesCallExpression" end time: Aug 14 18:58 CST
"ParserTest.ParsesCallExpression" time elapsed: 00:00:00
----------------------------------------------------------

18/28 Testing: ParserTest.ParsesCompleteProgram
18/28 Test: ParserTest.ParsesCompleteProgram
Command: "/home/opriego/LinuxDev/ocelotl-tensor/build/ocelotl_tests" "--gtest_filter=ParserTest.ParsesCompleteProgram" "--gtest_also_run_disabled_tests"
Directory: /home/opriego/LinuxDev/ocelotl-tensor/build
"ParserTest.ParsesCompleteProgram" start time: Aug 14 18:58 CST
Output:
----------------------------------------------------------
Running main() from ./googletest/src/gtest_main.cc
Note: Google Test filter = ParserTest.ParsesCompleteProgram
[==========] Running 1 test from 1 test suite.
[----------] Global test environment set-up.
[----------] 1 test from ParserTest
[ RUN      ] ParserTest.ParsesCompleteProgram
[       OK ] ParserTest.ParsesCompleteProgram (0 ms)
[----------] 1 test from ParserTest (0 ms total)

[----------] Global test environment tear-down
[==========] 1 test from 1 test suite ran. (0 ms total)
[  PASSED  ] 1 test.
<end of output>
Test time =   0.00 sec
----------------------------------------------------------
Test Passed.
"ParserTest.ParsesCompleteProgram" end time: Aug 14 18:58 CST
"ParserTest.ParsesCompleteProgram" time elapsed: 00:00:00
----------------------------------------------------------

19/28 Testing: ParserTest.RejectsTensorDeclarationWithoutColon
19/28 Test: ParserTest.RejectsTensorDeclarationWithoutColon
Command: "/home/opriego/LinuxDev/ocelotl-tensor/build/ocelotl_tests" "--gtest_filter=ParserTest.RejectsTensorDeclarationWithoutColon" "--gtest_also_run_disabled_tests"
Directory: /home/opriego/LinuxDev/ocelotl-tensor/build
"ParserTest.RejectsTensorDeclarationWithoutColon" start time: Aug 14 18:58 CST
Output:
----------------------------------------------------------
Running main() from ./googletest/src/gtest_main.cc
Note: Google Test filter = ParserTest.RejectsTensorDeclarationWithoutColon
[==========] Running 1 test from 1 test suite.
[----------] Global test environment set-up.
[----------] 1 test from ParserTest
[ RUN      ] ParserTest.RejectsTensorDeclarationWithoutColon
[       OK ] ParserTest.RejectsTensorDeclarationWithoutColon (0 ms)
[----------] 1 test from ParserTest (0 ms total)

[----------] Global test environment tear-down
[==========] 1 test from 1 test suite ran. (0 ms total)
[  PASSED  ] 1 test.
<end of output>
Test time =   0.00 sec
----------------------------------------------------------
Test Passed.
"ParserTest.RejectsTensorDeclarationWithoutColon" end time: Aug 14 18:58 CST
"ParserTest.RejectsTensorDeclarationWithoutColon" time elapsed: 00:00:00
----------------------------------------------------------

20/28 Testing: ParserTest.RejectsTensorDeclarationWithMissingDimension
20/28 Test: ParserTest.RejectsTensorDeclarationWithMissingDimension
Command: "/home/opriego/LinuxDev/ocelotl-tensor/build/ocelotl_tests" "--gtest_filter=ParserTest.RejectsTensorDeclarationWithMissingDimension" "--gtest_also_run_disabled_tests"
Directory: /home/opriego/LinuxDev/ocelotl-tensor/build
"ParserTest.RejectsTensorDeclarationWithMissingDimension" start time: Aug 14 18:58 CST
Output:
----------------------------------------------------------
Running main() from ./googletest/src/gtest_main.cc
Note: Google Test filter = ParserTest.RejectsTensorDeclarationWithMissingDimension
[==========] Running 1 test from 1 test suite.
[----------] Global test environment set-up.
[----------] 1 test from ParserTest
[ RUN      ] ParserTest.RejectsTensorDeclarationWithMissingDimension
[       OK ] ParserTest.RejectsTensorDeclarationWithMissingDimension (0 ms)
[----------] 1 test from ParserTest (0 ms total)

[----------] Global test environment tear-down
[==========] 1 test from 1 test suite ran. (0 ms total)
[  PASSED  ] 1 test.
<end of output>
Test time =   0.00 sec
----------------------------------------------------------
Test Passed.
"ParserTest.RejectsTensorDeclarationWithMissingDimension" end time: Aug 14 18:58 CST
"ParserTest.RejectsTensorDeclarationWithMissingDimension" time elapsed: 00:00:00
----------------------------------------------------------

21/28 Testing: ParserTest.RejectsAssignmentWithoutEqual
21/28 Test: ParserTest.RejectsAssignmentWithoutEqual
Command: "/home/opriego/LinuxDev/ocelotl-tensor/build/ocelotl_tests" "--gtest_filter=ParserTest.RejectsAssignmentWithoutEqual" "--gtest_also_run_disabled_tests"
Directory: /home/opriego/LinuxDev/ocelotl-tensor/build
"ParserTest.RejectsAssignmentWithoutEqual" start time: Aug 14 18:58 CST
Output:
----------------------------------------------------------
Running main() from ./googletest/src/gtest_main.cc
Note: Google Test filter = ParserTest.RejectsAssignmentWithoutEqual
[==========] Running 1 test from 1 test suite.
[----------] Global test environment set-up.
[----------] 1 test from ParserTest
[ RUN      ] ParserTest.RejectsAssignmentWithoutEqual
[       OK ] ParserTest.RejectsAssignmentWithoutEqual (0 ms)
[----------] 1 test from ParserTest (0 ms total)

[----------] Global test environment tear-down
[==========] 1 test from 1 test suite ran. (0 ms total)
[  PASSED  ] 1 test.
<end of output>
Test time =   0.00 sec
----------------------------------------------------------
Test Passed.
"ParserTest.RejectsAssignmentWithoutEqual" end time: Aug 14 18:58 CST
"ParserTest.RejectsAssignmentWithoutEqual" time elapsed: 00:00:00
----------------------------------------------------------

22/28 Testing: ParserTest.RejectsCallWithoutClosingParenthesis
22/28 Test: ParserTest.RejectsCallWithoutClosingParenthesis
Command: "/home/opriego/LinuxDev/ocelotl-tensor/build/ocelotl_tests" "--gtest_filter=ParserTest.RejectsCallWithoutClosingParenthesis" "--gtest_also_run_disabled_tests"
Directory: /home/opriego/LinuxDev/ocelotl-tensor/build
"ParserTest.RejectsCallWithoutClosingParenthesis" start time: Aug 14 18:58 CST
Output:
----------------------------------------------------------
Running main() from ./googletest/src/gtest_main.cc
Note: Google Test filter = ParserTest.RejectsCallWithoutClosingParenthesis
[==========] Running 1 test from 1 test suite.
[----------] Global test environment set-up.
[----------] 1 test from ParserTest
[ RUN      ] ParserTest.RejectsCallWithoutClosingParenthesis
[       OK ] ParserTest.RejectsCallWithoutClosingParenthesis (0 ms)
[----------] 1 test from ParserTest (0 ms total)

[----------] Global test environment tear-down
[==========] 1 test from 1 test suite ran. (0 ms total)
[  PASSED  ] 1 test.
<end of output>
Test time =   0.00 sec
----------------------------------------------------------
Test Passed.
"ParserTest.RejectsCallWithoutClosingParenthesis" end time: Aug 14 18:58 CST
"ParserTest.RejectsCallWithoutClosingParenthesis" time elapsed: 00:00:00
----------------------------------------------------------

23/28 Testing: ParserTest.RejectsUnknownToken
23/28 Test: ParserTest.RejectsUnknownToken
Command: "/home/opriego/LinuxDev/ocelotl-tensor/build/ocelotl_tests" "--gtest_filter=ParserTest.RejectsUnknownToken" "--gtest_also_run_disabled_tests"
Directory: /home/opriego/LinuxDev/ocelotl-tensor/build
"ParserTest.RejectsUnknownToken" start time: Aug 14 18:58 CST
Output:
----------------------------------------------------------
Running main() from ./googletest/src/gtest_main.cc
Note: Google Test filter = ParserTest.RejectsUnknownToken
[==========] Running 1 test from 1 test suite.
[----------] Global test environment set-up.
[----------] 1 test from ParserTest
[ RUN      ] ParserTest.RejectsUnknownToken
[       OK ] ParserTest.RejectsUnknownToken (0 ms)
[----------] 1 test from ParserTest (0 ms total)

[----------] Global test environment tear-down
[==========] 1 test from 1 test suite ran. (0 ms total)
[  PASSED  ] 1 test.
<end of output>
Test time =   0.00 sec
----------------------------------------------------------
Test Passed.
"ParserTest.RejectsUnknownToken" end time: Aug 14 18:58 CST
"ParserTest.RejectsUnknownToken" time elapsed: 00:00:00
----------------------------------------------------------

24/28 Testing: ParserTest.RejectsReturnWithoutExpression
24/28 Test: ParserTest.RejectsReturnWithoutExpression
Command: "/home/opriego/LinuxDev/ocelotl-tensor/build/ocelotl_tests" "--gtest_filter=ParserTest.RejectsReturnWithoutExpression" "--gtest_also_run_disabled_tests"
Directory: /home/opriego/LinuxDev/ocelotl-tensor/build
"ParserTest.RejectsReturnWithoutExpression" start time: Aug 14 18:58 CST
Output:
----------------------------------------------------------
Running main() from ./googletest/src/gtest_main.cc
Note: Google Test filter = ParserTest.RejectsReturnWithoutExpression
[==========] Running 1 test from 1 test suite.
[----------] Global test environment set-up.
[----------] 1 test from ParserTest
[ RUN      ] ParserTest.RejectsReturnWithoutExpression
[       OK ] ParserTest.RejectsReturnWithoutExpression (0 ms)
[----------] 1 test from ParserTest (0 ms total)

[----------] Global test environment tear-down
[==========] 1 test from 1 test suite ran. (0 ms total)
[  PASSED  ] 1 test.
<end of output>
Test time =   0.00 sec
----------------------------------------------------------
Test Passed.
"ParserTest.RejectsReturnWithoutExpression" end time: Aug 14 18:58 CST
"ParserTest.RejectsReturnWithoutExpression" time elapsed: 00:00:00
----------------------------------------------------------

25/28 Testing: ParserTest.ReportsLocationForMissingColon
25/28 Test: ParserTest.ReportsLocationForMissingColon
Command: "/home/opriego/LinuxDev/ocelotl-tensor/build/ocelotl_tests" "--gtest_filter=ParserTest.ReportsLocationForMissingColon" "--gtest_also_run_disabled_tests"
Directory: /home/opriego/LinuxDev/ocelotl-tensor/build
"ParserTest.ReportsLocationForMissingColon" start time: Aug 14 18:58 CST
Output:
----------------------------------------------------------
Running main() from ./googletest/src/gtest_main.cc
Note: Google Test filter = ParserTest.ReportsLocationForMissingColon
[==========] Running 1 test from 1 test suite.
[----------] Global test environment set-up.
[----------] 1 test from ParserTest
[ RUN      ] ParserTest.ReportsLocationForMissingColon
[       OK ] ParserTest.ReportsLocationForMissingColon (0 ms)
[----------] 1 test from ParserTest (0 ms total)

[----------] Global test environment tear-down
[==========] 1 test from 1 test suite ran. (0 ms total)
[  PASSED  ] 1 test.
<end of output>
Test time =   0.00 sec
----------------------------------------------------------
Test Passed.
"ParserTest.ReportsLocationForMissingColon" end time: Aug 14 18:58 CST
"ParserTest.ReportsLocationForMissingColon" time elapsed: 00:00:00
----------------------------------------------------------

26/28 Testing: ParserTest.ReportsMissingClosingParenthesis
26/28 Test: ParserTest.ReportsMissingClosingParenthesis
Command: "/home/opriego/LinuxDev/ocelotl-tensor/build/ocelotl_tests" "--gtest_filter=ParserTest.ReportsMissingClosingParenthesis" "--gtest_also_run_disabled_tests"
Directory: /home/opriego/LinuxDev/ocelotl-tensor/build
"ParserTest.ReportsMissingClosingParenthesis" start time: Aug 14 18:58 CST
Output:
----------------------------------------------------------
Running main() from ./googletest/src/gtest_main.cc
Note: Google Test filter = ParserTest.ReportsMissingClosingParenthesis
[==========] Running 1 test from 1 test suite.
[----------] Global test environment set-up.
[----------] 1 test from ParserTest
[ RUN      ] ParserTest.ReportsMissingClosingParenthesis
[       OK ] ParserTest.ReportsMissingClosingParenthesis (0 ms)
[----------] 1 test from ParserTest (0 ms total)

[----------] Global test environment tear-down
[==========] 1 test from 1 test suite ran. (0 ms total)
[  PASSED  ] 1 test.
<end of output>
Test time =   0.00 sec
----------------------------------------------------------
Test Passed.
"ParserTest.ReportsMissingClosingParenthesis" end time: Aug 14 18:58 CST
"ParserTest.ReportsMissingClosingParenthesis" time elapsed: 00:00:00
----------------------------------------------------------

27/28 Testing: ASTTest.RepresentsTensorDeclaration
27/28 Test: ASTTest.RepresentsTensorDeclaration
Command: "/home/opriego/LinuxDev/ocelotl-tensor/build/ocelotl_tests" "--gtest_filter=ASTTest.RepresentsTensorDeclaration" "--gtest_also_run_disabled_tests"
Directory: /home/opriego/LinuxDev/ocelotl-tensor/build
"ASTTest.RepresentsTensorDeclaration" start time: Aug 14 18:58 CST
Output:
----------------------------------------------------------
Running main() from ./googletest/src/gtest_main.cc
Note: Google Test filter = ASTTest.RepresentsTensorDeclaration
[==========] Running 1 test from 1 test suite.
[----------] Global test environment set-up.
[----------] 1 test from ASTTest
[ RUN      ] ASTTest.RepresentsTensorDeclaration
[       OK ] ASTTest.RepresentsTensorDeclaration (0 ms)
[----------] 1 test from ASTTest (0 ms total)

[----------] Global test environment tear-down
[==========] 1 test from 1 test suite ran. (0 ms total)
[  PASSED  ] 1 test.
<end of output>
Test time =   0.00 sec
----------------------------------------------------------
Test Passed.
"ASTTest.RepresentsTensorDeclaration" end time: Aug 14 18:58 CST
"ASTTest.RepresentsTensorDeclaration" time elapsed: 00:00:00
----------------------------------------------------------

28/28 Testing: ASTTest.RepresentsNestedCallExpression
28/28 Test: ASTTest.RepresentsNestedCallExpression
Command: "/home/opriego/LinuxDev/ocelotl-tensor/build/ocelotl_tests" "--gtest_filter=ASTTest.RepresentsNestedCallExpression" "--gtest_also_run_disabled_tests"
Directory: /home/opriego/LinuxDev/ocelotl-tensor/build
"ASTTest.RepresentsNestedCallExpression" start time: Aug 14 18:58 CST
Output:
----------------------------------------------------------
Running main() from ./googletest/src/gtest_main.cc
Note: Google Test filter = ASTTest.RepresentsNestedCallExpression
[==========] Running 1 test from 1 test suite.
[----------] Global test environment set-up.
[----------] 1 test from ASTTest
[ RUN      ] ASTTest.RepresentsNestedCallExpression
[       OK ] ASTTest.RepresentsNestedCallExpression (0 ms)
[----------] 1 test from ASTTest (0 ms total)

[----------] Global test environment tear-down
[==========] 1 test from 1 test suite ran. (0 ms total)
[  PASSED  ] 1 test.
<end of output>
Test time =   0.00 sec
----------------------------------------------------------
Test Passed.
"ASTTest.RepresentsNestedCallExpression" end time: Aug 14 18:58 CST
"ASTTest.RepresentsNestedCallExpression" time elapsed: 00:00:00
----------------------------------------------------------

End testing: Aug 14 18:58 CST
